app/build/outputs/logs/manifest-merger-release-report.txt
-- Merging decision tree log ---
manifest
ADDED from src/main/AndroidManifest.xml:2:1-93:12
	package
		ADDED from src/main/AndroidManifest.xml:3:5-46
		INJECTED from src/main/AndroidManifest.xml
		INJECTED from src/main/AndroidManifest.xml
	android:versionName
		INJECTED from src/main/AndroidManifest.xml
		INJECTED from src/main/AndroidManifest.xml
	xmlns:android
		ADDED from src/main/AndroidManifest.xml:2:11-69
	android:versionCode
		INJECTED from src/main/AndroidManifest.xml
		INJECTED from src/main/AndroidManifest.xml
uses-permission#android.permission.READ_EXTERNAL_STORAGE
ADDED from src/main/AndroidManifest.xml:5:5-80
	android:name
		ADDED from src/main/AndroidManifest.xml:5:22-77
uses-permission#android.permission.WRITE_EXTERNAL_STORAGE
ADDED from src/main/AndroidManifest.xml:6:5-81
	android:name
		ADDED from src/main/AndroidManifest.xml:6:22-78
uses-permission#android.permission.INTERNET
ADDED from src/main/AndroidManifest.xml:7:5-67
MERGED from [com.firebaseui:firebase-ui-auth:2.0.1] AndroidManifest.xml:13:5-67
MERGED from [com.google.android.gms:play-services-ads-lite:11.0.4] AndroidManifest.xml:19:5-66
MERGED from [com.google.android.gms:play-services-analytics:11.0.4] AndroidManifest.xml:20:5-66
MERGED from [com.google.android.gms:play-services-appinvite:11.0.4] AndroidManifest.xml:18:5-66
MERGED from [com.google.firebase:firebase-crash:11.0.4] AndroidManifest.xml:18:5-66
MERGED from [com.google.android.gms:play-services-gcm:11.0.4] AndroidManifest.xml:21:5-66
MERGED from [com.google.android.gms:play-services-iid:11.0.4] AndroidManifest.xml:21:5-66
MERGED from [com.google.android.gms:play-services-tagmanager-api:11.0.4] AndroidManifest.xml:20:5-66
MERGED from [com.google.firebase:firebase-analytics:11.0.4] AndroidManifest.xml:20:5-66
MERGED from [com.google.firebase:firebase-analytics-impl:11.0.4] AndroidManifest.xml:20:5-66
MERGED from [com.google.firebase:firebase-iid:11.0.4] AndroidManifest.xml:20:5-66
MERGED from [com.google.android.gms:play-services-analytics-impl:11.0.4] AndroidManifest.xml:20:5-66
MERGED from [com.google.android.gms:play-services-maps:11.0.4] AndroidManifest.xml:20:5-66
	android:name
		ADDED from src/main/AndroidManifest.xml:7:22-64
uses-permission#android.permission.RECEIVE_SMS
ADDED from src/main/AndroidManifest.xml:8:5-70
	android:name
		ADDED from src/main/AndroidManifest.xml:8:22-67
application
ADDED from src/main/AndroidManifest.xml:10:5-91:19
MERGED from [ArtistBooking:weekcalendar:unspecified] AndroidManifest.xml:11:5-16:19
MERGED from [com.android.support.constraint:constraint-layout:1.0.1] AndroidManifest.xml:9:5-20
MERGED from [com.google.firebase:firebase-core:11.0.4] AndroidManifest.xml:5:5-20
MERGED from [com.firebase:digitsmigrationhelpers:0.1.1] AndroidManifest.xml:25:5-29:19
MERGED from [com.firebaseui:firebase-ui-auth:2.0.1] AndroidManifest.xml:15:5-77:19
MERGED from [com.android.support:design:25.3.1] AndroidManifest.xml:29:5-20
MERGED from [com.android.support:transition:25.3.1] AndroidManifest.xml:26:5-20
MERGED from [com.android.support:customtabs:25.3.1] AndroidManifest.xml:26:5-20
MERGED from [com.android.support:cardview-v7:25.3.1] AndroidManifest.xml:26:5-20
MERGED from [com.google.android.gms:play-services:11.0.4] AndroidManifest.xml:5:5-20
MERGED from [com.google.android.gms:play-services-ads-lite:11.0.4] AndroidManifest.xml:23:5-26:19
MERGED from [com.google.android.gms:play-services-analytics:11.0.4] AndroidManifest.xml:26:5-19
MERGED from [com.google.android.gms:play-services-appinvite:11.0.4] AndroidManifest.xml:19:5-26:19
MERGED from [com.google.android.gms:play-services-auth:11.0.4] AndroidManifest.xml:19:5-25:19
MERGED from [com.google.android.gms:play-services-cast-framework:11.0.4] AndroidManifest.xml:4:5-8:19
MERGED from [com.google.android.gms:play-services-cast:11.0.4] AndroidManifest.xml:18:5-19
MERGED from [com.android.support:mediarouter-v7:25.2.0] AndroidManifest.xml:22:5-20
MERGED from [com.android.support:appcompat-v7:25.3.1] AndroidManifest.xml:29:5-20
MERGED from [com.android.support:animated-vector-drawable:25.3.1] AndroidManifest.xml:26:5-20
MERGED from [com.android.support:support-vector-drawable:25.3.1] AndroidManifest.xml:26:5-20
MERGED from [com.android.support:palette-v7:25.2.0] AndroidManifest.xml:22:5-23:19
MERGED from [com.google.android.gms:play-services-clearcut:11.0.4] AndroidManifest.xml:18:5-19
MERGED from [com.google.firebase:firebase-config:11.0.4] AndroidManifest.xml:18:5-19
MERGED from [com.google.android.gms:play-services-awareness:11.0.4] AndroidManifest.xml:18:5-19
MERGED from [com.google.firebase:firebase-crash:11.0.4] AndroidManifest.xml:22:5-23:19
MERGED from [com.google.firebase:firebase-auth:11.0.4] AndroidManifest.xml:19:5-20:19
MERGED from [com.google.firebase:firebase-dynamic-links:11.0.4] AndroidManifest.xml:5:3-17
MERGED from [com.google.firebase:firebase-messaging:11.0.4] AndroidManifest.xml:19:5-29:19
MERGED from [com.google.android.gms:play-services-fitness:11.0.4] AndroidManifest.xml:18:5-19
MERGED from [com.google.android.gms:play-services-games:11.0.4] AndroidManifest.xml:18:5-19
MERGED from [com.google.android.gms:play-services-drive:11.0.4] AndroidManifest.xml:18:5-19
MERGED from [com.google.android.gms:play-services-gass:11.0.4] AndroidManifest.xml:4:5-19
MERGED from [com.google.android.gms:play-services-gcm:11.0.4] AndroidManifest.xml:23:5-19
MERGED from [com.google.firebase:firebase-appindexing:11.0.4] AndroidManifest.xml:18:5-19
MERGED from [com.google.android.gms:play-services-iid:11.0.4] AndroidManifest.xml:23:5-19
MERGED from [com.google.android.gms:play-services-location:11.0.4] AndroidManifest.xml:4:5-19
MERGED from [com.google.android.gms:play-services-nearby:11.0.4] AndroidManifest.xml:5:5-19
MERGED from [com.google.android.gms:play-services-panorama:11.0.4] AndroidManifest.xml:18:5-19
MERGED from [com.google.android.gms:play-services-places:11.0.4] AndroidManifest.xml:18:5-19
MERGED from [com.google.android.gms:play-services-plus:11.0.4] AndroidManifest.xml:18:5-19
MERGED from [com.google.android.gms:play-services-safetynet:11.0.4] AndroidManifest.xml:18:5-19
MERGED from [com.google.android.gms:play-services-tagmanager-api:11.0.4] AndroidManifest.xml:23:5-33:19
MERGED from [com.google.firebase:firebase-analytics:11.0.4] AndroidManifest.xml:24:5-34:19
MERGED from [com.google.firebase:firebase-analytics-impl:11.0.4] AndroidManifest.xml:24:5-28:19
MERGED from [com.google.firebase:firebase-iid:11.0.4] AndroidManifest.xml:28:5-49:19
MERGED from [com.google.firebase:firebase-common:11.0.4] AndroidManifest.xml:4:5-7:19
MERGED from [com.google.android.gms:play-services-tagmanager-v4-impl:11.0.4] AndroidManifest.xml:19:5-19
MERGED from [com.google.android.gms:play-services-analytics-impl:11.0.4] AndroidManifest.xml:26:5-19
MERGED from [com.google.android.gms:play-services-vision:11.0.4] AndroidManifest.xml:4:5-19
MERGED from [com.google.android.gms:play-services-vision-common:11.0.4] AndroidManifest.xml:4:5-19
MERGED from [com.google.android.gms:play-services-identity:11.0.4] AndroidManifest.xml:18:5-19
MERGED from [com.google.android.gms:play-services-maps:11.0.4] AndroidManifest.xml:24:5-19
MERGED from [com.google.android.gms:play-services-wearable:11.0.4] AndroidManifest.xml:18:5-19
MERGED from [com.google.android.gms:play-services-base:11.0.4] AndroidManifest.xml:18:5-20:19
MERGED from [com.google.android.gms:play-services-tasks:11.0.4] AndroidManifest.xml:4:5-19
MERGED from [com.google.android.gms:play-services-basement:11.0.4] AndroidManifest.xml:19:5-21:19
MERGED from [com.android.support:support-v4:25.3.1] AndroidManifest.xml:29:5-20
MERGED from [com.android.support:support-fragment:25.3.1] AndroidManifest.xml:29:5-20
MERGED from [com.android.support:support-media-compat:25.3.1] AndroidManifest.xml:29:5-20
MERGED from [com.android.support:support-core-ui:25.3.1] AndroidManifest.xml:29:5-20
MERGED from [com.android.support:support-core-utils:25.3.1] AndroidManifest.xml:29:5-20
MERGED from [com.android.support:support-compat:25.3.1] AndroidManifest.xml:29:5-20
	android:label
		ADDED from src/main/AndroidManifest.xml:13:9-41
	android:supportsRtl
		ADDED from src/main/AndroidManifest.xml:14:9-35
	android:allowBackup
		ADDED from src/main/AndroidManifest.xml:11:9-35
	android:icon
		ADDED from src/main/AndroidManifest.xml:12:9-43
	android:theme
		ADDED from src/main/AndroidManifest.xml:15:9-40
activity#bigappcompany.com.artistbooking.MainActivity
ADDED from src/main/AndroidManifest.xml:16:9-50
	android:name
		ADDED from src/main/AndroidManifest.xml:16:19-47
activity#bigappcompany.com.artistbooking.HomeActivity
ADDED from src/main/AndroidManifest.xml:17:9-20:59
	android:label
		ADDED from src/main/AndroidManifest.xml:19:13-56
	android:theme
		ADDED from src/main/AndroidManifest.xml:20:13-56
	android:name
		ADDED from src/main/AndroidManifest.xml:18:13-41
activity#bigappcompany.com.artistbooking.CategoryActivity
ADDED from src/main/AndroidManifest.xml:21:9-54
	android:name
		ADDED from src/main/AndroidManifest.xml:21:19-51
activity#bigappcompany.com.artistbooking.ArtistsActivity
ADDED from src/main/AndroidManifest.xml:22:9-53
	android:name
		ADDED from src/main/AndroidManifest.xml:22:19-50
activity#bigappcompany.com.artistbooking.VerticalPagerActivity
ADDED from src/main/AndroidManifest.xml:23:9-59
	android:name
		ADDED from src/main/AndroidManifest.xml:23:19-56
activity#bigappcompany.com.artistbooking.ImageSlide
ADDED from src/main/AndroidManifest.xml:24:9-26:52
	android:screenOrientation
		ADDED from src/main/AndroidManifest.xml:26:13-49
	android:name
		ADDED from src/main/AndroidManifest.xml:25:13-39
activity#bigappcompany.com.artistbooking.ResultActivity
ADDED from src/main/AndroidManifest.xml:27:9-29:52
	android:screenOrientation
		ADDED from src/main/AndroidManifest.xml:29:13-49
	android:name
		ADDED from src/main/AndroidManifest.xml:28:13-43
activity#com.yalantis.ucrop.UCropActivity
ADDED from src/main/AndroidManifest.xml:30:9-33:72
	android:screenOrientation
		ADDED from src/main/AndroidManifest.xml:32:13-49
	android:theme
		ADDED from src/main/AndroidManifest.xml:33:13-69
	android:name
		ADDED from src/main/AndroidManifest.xml:31:13-60
activity#bigappcompany.com.artistbooking.EditProfileActivity
ADDED from src/main/AndroidManifest.xml:34:9-36:52
	android:screenOrientation
		ADDED from src/main/AndroidManifest.xml:36:13-49
	android:name
		ADDED from src/main/AndroidManifest.xml:35:13-48
activity#bigappcompany.com.artistbooking.MyProfile
ADDED from src/main/AndroidManifest.xml:37:9-39:52
	android:screenOrientation
		ADDED from src/main/AndroidManifest.xml:39:13-49
	android:name
		ADDED from src/main/AndroidManifest.xml:38:13-38
activity#bigappcompany.com.artistbooking.AboutUsActivity
ADDED from src/main/AndroidManifest.xml:40:9-42:52
	android:screenOrientation
		ADDED from src/main/AndroidManifest.xml:42:13-49
	android:name
		ADDED from src/main/AndroidManifest.xml:41:13-44
activity#bigappcompany.com.artistbooking.BookingActivity
ADDED from src/main/AndroidManifest.xml:43:9-45:52
	android:screenOrientation
		ADDED from src/main/AndroidManifest.xml:45:13-49
	android:name
		ADDED from src/main/AndroidManifest.xml:44:13-44
activity#bigappcompany.com.artistbooking.BookingActivityNew
ADDED from src/main/AndroidManifest.xml:46:9-48:52
	android:screenOrientation
		ADDED from src/main/AndroidManifest.xml:48:13-49
	android:name
		ADDED from src/main/AndroidManifest.xml:47:13-47
activity#bigappcompany.com.artistbooking.RequestsActivity
ADDED from src/main/AndroidManifest.xml:49:9-51:52
	android:screenOrientation
		ADDED from src/main/AndroidManifest.xml:51:13-49
	android:name
		ADDED from src/main/AndroidManifest.xml:50:13-45
activity#bigappcompany.com.artistbooking.BasicPlayerActivity
ADDED from src/main/AndroidManifest.xml:52:9-54:52
	android:screenOrientation
		ADDED from src/main/AndroidManifest.xml:54:13-49
	android:name
		ADDED from src/main/AndroidManifest.xml:53:13-48
meta-data#io.fabric.ApiKey
ADDED from src/main/AndroidManifest.xml:59:9-63:44
MERGED from [com.firebaseui:firebase-ui-auth:2.0.1] AndroidManifest.xml:19:9-21:63
	xmlns:tools
		ADDED from src/main/AndroidManifest.xml:60:13-59
	android:value
		ADDED from src/main/AndroidManifest.xml:62:13-69
		REJECTED from [com.firebaseui:firebase-ui-auth:2.0.1] AndroidManifest.xml:21:13-60
	tools:replace
		ADDED from src/main/AndroidManifest.xml:63:13-42
	android:name
		ADDED from src/main/AndroidManifest.xml:61:13-44
service#bigappcompany.com.artistbooking.MyFirebaseInstanceIDService
ADDED from src/main/AndroidManifest.xml:65:9-69:19
	android:name
		ADDED from src/main/AndroidManifest.xml:65:18-61
intent-filter#com.google.firebase.INSTANCE_ID_EVENT
ADDED from src/main/AndroidManifest.xml:66:13-68:29
action#com.google.firebase.INSTANCE_ID_EVENT
ADDED from src/main/AndroidManifest.xml:67:17-80
	android:name
		ADDED from src/main/AndroidManifest.xml:67:25-77
service#bigappcompany.com.artistbooking.MyFirebaseMessagingService
ADDED from src/main/AndroidManifest.xml:70:9-74:19
	android:name
		ADDED from src/main/AndroidManifest.xml:70:18-60
intent-filter#com.google.firebase.MESSAGING_EVENT
ADDED from src/main/AndroidManifest.xml:71:13-73:29
action#com.google.firebase.MESSAGING_EVENT
ADDED from src/main/AndroidManifest.xml:72:17-78
	android:name
		ADDED from src/main/AndroidManifest.xml:72:25-75
activity#bigappcompany.com.artistbooking.RegisterActivity
ADDED from src/main/AndroidManifest.xml:76:9-78:52
	android:screenOrientation
		ADDED from src/main/AndroidManifest.xml:78:13-49
	android:name
		ADDED from src/main/AndroidManifest.xml:77:13-45
activity#bigappcompany.com.artistbooking.SplashActivity
ADDED from src/main/AndroidManifest.xml:79:9-89:20
	android:screenOrientation
		ADDED from src/main/AndroidManifest.xml:82:13-49
	android:label
		ADDED from src/main/AndroidManifest.xml:81:13-45
	android:theme
		ADDED from src/main/AndroidManifest.xml:83:13-56
	android:name
		ADDED from src/main/AndroidManifest.xml:80:13-43
intent-filter#android.intent.action.MAIN+android.intent.category.LAUNCHER
ADDED from src/main/AndroidManifest.xml:84:13-88:29
action#android.intent.action.MAIN
ADDED from src/main/AndroidManifest.xml:85:17-69
	android:name
		ADDED from src/main/AndroidManifest.xml:85:25-66
category#android.intent.category.LAUNCHER
ADDED from src/main/AndroidManifest.xml:87:17-77
	android:name
		ADDED from src/main/AndroidManifest.xml:87:27-74
activity#bigappcompany.com.artistbooking.NotificationsActivity
ADDED from src/main/AndroidManifest.xml:90:9-68
	android:name
		ADDED from src/main/AndroidManifest.xml:90:19-56
uses-sdk
INJECTED from src/main/AndroidManifest.xml reason: use-sdk injection requested
MERGED from [ArtistBooking:ucrop:unspecified] AndroidManifest.xml:8:5-10:41
MERGED from [ArtistBooking:weekcalendar:unspecified] AndroidManifest.xml:7:5-9:41
MERGED from [com.android.support.constraint:constraint-layout:1.0.1] AndroidManifest.xml:5:5-7:41
MERGED from [com.google.firebase:firebase-core:11.0.4] AndroidManifest.xml:4:5-43
MERGED from [com.firebase:digitsmigrationhelpers:0.1.1] AndroidManifest.xml:21:5-23:41
MERGED from [com.firebaseui:firebase-ui-auth:2.0.1] AndroidManifest.xml:8:5-10:41
MERGED from [com.android.support:design:25.3.1] AndroidManifest.xml:21:5-23:62
MERGED from [com.android.support:recyclerview-v7:25.3.1] AndroidManifest.xml:20:5-43
MERGED from [com.android.support:transition:25.3.1] AndroidManifest.xml:20:5-44
MERGED from [com.android.support:customtabs:25.3.1] AndroidManifest.xml:20:5-44
MERGED from [com.android.support:cardview-v7:25.3.1] AndroidManifest.xml:20:5-43
MERGED from [com.google.android.gms:play-services:11.0.4] AndroidManifest.xml:4:5-43
MERGED from [com.google.android.gms:play-services-ads:11.0.4] AndroidManifest.xml:17:5-43
MERGED from [com.google.android.gms:play-services-ads-lite:11.0.4] AndroidManifest.xml:22:5-43
MERGED from [com.google.android.gms:play-services-analytics:11.0.4] AndroidManifest.xml:17:5-43
MERGED from [com.google.android.gms:play-services-appinvite:11.0.4] AndroidManifest.xml:17:5-43
MERGED from [com.google.android.gms:play-services-auth-api-phone:11.0.4] AndroidManifest.xml:3:3-41
MERGED from [com.google.android.gms:play-services-auth:11.0.4] AndroidManifest.xml:17:5-43
MERGED from [com.google.android.gms:play-services-auth-base:11.0.4] AndroidManifest.xml:4:5-43
MERGED from [com.google.android.gms:play-services-cast-framework:11.0.4] AndroidManifest.xml:3:5-43
MERGED from [com.google.android.gms:play-services-cast:11.0.4] AndroidManifest.xml:17:5-43
MERGED from [com.android.support:mediarouter-v7:25.2.0] AndroidManifest.xml:20:5-43
MERGED from [com.android.support:appcompat-v7:25.3.1] AndroidManifest.xml:21:5-23:78
MERGED from [com.android.support:animated-vector-drawable:25.3.1] AndroidManifest.xml:20:5-44
MERGED from [com.android.support:support-vector-drawable:25.3.1] AndroidManifest.xml:20:5-43
MERGED from [com.android.support:palette-v7:25.2.0] AndroidManifest.xml:20:5-43
MERGED from [com.google.android.gms:play-services-clearcut:11.0.4] AndroidManifest.xml:17:5-43
MERGED from [com.google.firebase:firebase-config:11.0.4] AndroidManifest.xml:17:5-43
MERGED from [com.google.android.gms:play-services-awareness:11.0.4] AndroidManifest.xml:17:5-43
MERGED from [com.google.firebase:firebase-crash:11.0.4] AndroidManifest.xml:20:5-43
MERGED from [com.google.firebase:firebase-auth:11.0.4] AndroidManifest.xml:17:5-43
MERGED from [com.google.firebase:firebase-database:11.0.4] AndroidManifest.xml:3:5-43
MERGED from [com.google.firebase:firebase-database-connection:11.0.4] AndroidManifest.xml:3:5-43
MERGED from [com.google.firebase:firebase-dynamic-links:11.0.4] AndroidManifest.xml:3:3-41
MERGED from [com.google.firebase:firebase-messaging:11.0.4] AndroidManifest.xml:17:5-43
MERGED from [com.google.firebase:firebase-storage:11.0.4] AndroidManifest.xml:3:5-43
MERGED from [com.google.firebase:firebase-storage-common:11.0.4] AndroidManifest.xml:3:5-43
MERGED from [com.google.android.gms:play-services-fitness:11.0.4] AndroidManifest.xml:17:5-43
MERGED from [com.google.android.gms:play-services-games:11.0.4] AndroidManifest.xml:17:5-43
MERGED from [com.google.android.gms:play-services-drive:11.0.4] AndroidManifest.xml:17:5-43
MERGED from [com.google.android.gms:play-services-gass:11.0.4] AndroidManifest.xml:3:5-43
MERGED from [com.google.android.gms:play-services-gcm:11.0.4] AndroidManifest.xml:17:5-43
MERGED from [com.google.firebase:firebase-appindexing:11.0.4] AndroidManifest.xml:17:5-43
MERGED from [com.google.android.gms:play-services-iid:11.0.4] AndroidManifest.xml:17:5-43
MERGED from [com.google.android.gms:play-services-instantapps:11.0.4] AndroidManifest.xml:3:5-43
MERGED from [com.google.android.gms:play-services-location:11.0.4] AndroidManifest.xml:3:5-43
MERGED from [com.google.android.gms:play-services-nearby:11.0.4] AndroidManifest.xml:3:5-43
MERGED from [com.google.android.gms:play-services-panorama:11.0.4] AndroidManifest.xml:17:5-43
MERGED from [com.google.android.gms:play-services-places:11.0.4] AndroidManifest.xml:17:5-43
MERGED from [com.google.android.gms:play-services-plus:11.0.4] AndroidManifest.xml:17:5-43
MERGED from [com.google.android.gms:play-services-safetynet:11.0.4] AndroidManifest.xml:17:5-43
MERGED from [com.google.android.gms:play-services-tagmanager:11.0.4] AndroidManifest.xml:17:5-43
MERGED from [com.google.android.gms:play-services-tagmanager-api:11.0.4] AndroidManifest.xml:17:5-43
MERGED from [com.google.firebase:firebase-analytics:11.0.4] AndroidManifest.xml:17:5-43
MERGED from [com.google.firebase:firebase-analytics-impl:11.0.4] AndroidManifest.xml:17:5-43
MERGED from [com.google.firebase:firebase-iid:11.0.4] AndroidManifest.xml:17:5-43
MERGED from [com.google.firebase:firebase-common:11.0.4] AndroidManifest.xml:3:5-43
MERGED from [com.google.android.gms:play-services-tagmanager-v4-impl:11.0.4] AndroidManifest.xml:17:5-43
MERGED from [com.google.android.gms:play-services-analytics-impl:11.0.4] AndroidManifest.xml:17:5-43
MERGED from [com.google.android.gms:play-services-vision:11.0.4] AndroidManifest.xml:3:5-43
MERGED from [com.google.android.gms:play-services-vision-common:11.0.4] AndroidManifest.xml:3:5-43
MERGED from [com.google.android.gms:play-services-wallet:11.0.4] AndroidManifest.xml:18:5-43
MERGED from [com.google.android.gms:play-services-identity:11.0.4] AndroidManifest.xml:17:5-43
MERGED from [com.google.android.gms:play-services-maps:11.0.4] AndroidManifest.xml:23:5-43
MERGED from [com.google.android.gms:play-services-wearable:11.0.4] AndroidManifest.xml:17:5-43
MERGED from [com.google.android.gms:play-services-base:11.0.4] AndroidManifest.xml:17:5-43
MERGED from [com.google.android.gms:play-services-tasks:11.0.4] AndroidManifest.xml:3:5-43
MERGED from [com.google.android.gms:play-services-basement:11.0.4] AndroidManifest.xml:17:5-43
MERGED from [com.android.support:support-v4:25.3.1] AndroidManifest.xml:21:5-23:54
MERGED from [com.android.support:support-fragment:25.3.1] AndroidManifest.xml:21:5-23:60
MERGED from [com.android.support:support-media-compat:25.3.1] AndroidManifest.xml:21:5-23:63
MERGED from [com.android.support:support-core-ui:25.3.1] AndroidManifest.xml:21:5-23:58
MERGED from [com.android.support:support-core-utils:25.3.1] AndroidManifest.xml:21:5-23:61
MERGED from [com.android.support:support-compat:25.3.1] AndroidManifest.xml:21:5-23:58
MERGED from [com.android.support:multidex:1.0.1] AndroidManifest.xml:18:5-42
	tools:overrideLibrary
		ADDED from [com.android.support:design:25.3.1] AndroidManifest.xml:23:9-59
	android:targetSdkVersion
		INJECTED from src/main/AndroidManifest.xml
		INJECTED from src/main/AndroidManifest.xml
	android:minSdkVersion
		INJECTED from src/main/AndroidManifest.xml
		INJECTED from src/main/AndroidManifest.xml
uses-permission#android.permission.ACCESS_NETWORK_STATE
ADDED from [com.firebaseui:firebase-ui-auth:2.0.1] AndroidManifest.xml:12:5-79
MERGED from [com.google.android.gms:play-services-ads-lite:11.0.4] AndroidManifest.xml:20:5-78
MERGED from [com.google.android.gms:play-services-analytics:11.0.4] AndroidManifest.xml:21:5-78
MERGED from [com.google.android.gms:play-services-nearby:11.0.4] AndroidManifest.xml:4:5-78
MERGED from [com.google.android.gms:play-services-tagmanager-api:11.0.4] AndroidManifest.xml:21:5-78
MERGED from [com.google.firebase:firebase-analytics:11.0.4] AndroidManifest.xml:21:5-78
MERGED from [com.google.firebase:firebase-analytics-impl:11.0.4] AndroidManifest.xml:21:5-78
MERGED from [com.google.firebase:firebase-iid:11.0.4] AndroidManifest.xml:19:5-78
MERGED from [com.google.android.gms:play-services-analytics-impl:11.0.4] AndroidManifest.xml:21:5-78
MERGED from [com.google.android.gms:play-services-maps:11.0.4] AndroidManifest.xml:19:5-78
	android:name
		ADDED from [com.firebaseui:firebase-ui-auth:2.0.1] AndroidManifest.xml:12:22-76
meta-data#com.google.android.gms.version
ADDED from [com.firebaseui:firebase-ui-auth:2.0.1] AndroidManifest.xml:16:9-18:69
MERGED from [com.google.android.gms:play-services-basement:11.0.4] AndroidManifest.xml:20:9-121
	android:value
		ADDED from [com.firebaseui:firebase-ui-auth:2.0.1] AndroidManifest.xml:18:13-66
	android:name
		ADDED from [com.firebaseui:firebase-ui-auth:2.0.1] AndroidManifest.xml:17:13-58
meta-data#com.facebook.sdk.ApplicationId
ADDED from [com.firebaseui:firebase-ui-auth:2.0.1] AndroidManifest.xml:22:9-24:63
	android:value
		ADDED from [com.firebaseui:firebase-ui-auth:2.0.1] AndroidManifest.xml:24:13-60
	android:name
		ADDED from [com.firebaseui:firebase-ui-auth:2.0.1] AndroidManifest.xml:23:13-58
meta-data#com.facebook.sdk.AutoLogAppEventsEnabled
ADDED from [com.firebaseui:firebase-ui-auth:2.0.1] AndroidManifest.xml:25:9-27:36
	android:value
		ADDED from [com.firebaseui:firebase-ui-auth:2.0.1] AndroidManifest.xml:27:13-33
	android:name
		ADDED from [com.firebaseui:firebase-ui-auth:2.0.1] AndroidManifest.xml:26:13-68
activity#com.firebase.ui.auth.KickoffActivity
ADDED from [com.firebaseui:firebase-ui-auth:2.0.1] AndroidManifest.xml:29:9-33:61
	android:label
		ADDED from [com.firebaseui:firebase-ui-auth:2.0.1] AndroidManifest.xml:32:13-29
	android:exported
		ADDED from [com.firebaseui:firebase-ui-auth:2.0.1] AndroidManifest.xml:31:13-37
	android:theme
		ADDED from [com.firebaseui:firebase-ui-auth:2.0.1] AndroidManifest.xml:33:13-58
	android:name
		ADDED from [com.firebaseui:firebase-ui-auth:2.0.1] AndroidManifest.xml:30:13-64
activity#com.firebase.ui.auth.ui.email.RecoverPasswordActivity
ADDED from [com.firebaseui:firebase-ui-auth:2.0.1] AndroidManifest.xml:34:9-37:71
	android:label
		ADDED from [com.firebaseui:firebase-ui-auth:2.0.1] AndroidManifest.xml:37:13-68
	android:exported
		ADDED from [com.firebaseui:firebase-ui-auth:2.0.1] AndroidManifest.xml:36:13-37
	android:name
		ADDED from [com.firebaseui:firebase-ui-auth:2.0.1] AndroidManifest.xml:35:13-81
activity#com.firebase.ui.auth.ui.email.RegisterEmailActivity
ADDED from [com.firebaseui:firebase-ui-auth:2.0.1] AndroidManifest.xml:38:9-41:55
	android:label
		ADDED from [com.firebaseui:firebase-ui-auth:2.0.1] AndroidManifest.xml:41:13-52
	android:exported
		ADDED from [com.firebaseui:firebase-ui-auth:2.0.1] AndroidManifest.xml:40:13-37
	android:name
		ADDED from [com.firebaseui:firebase-ui-auth:2.0.1] AndroidManifest.xml:39:13-79
activity#com.firebase.ui.auth.ui.phone.PhoneVerificationActivity
ADDED from [com.firebaseui:firebase-ui-auth:2.0.1] AndroidManifest.xml:42:9-46:64
	android:label
		ADDED from [com.firebaseui:firebase-ui-auth:2.0.1] AndroidManifest.xml:45:13-62
	android:exported
		ADDED from [com.firebaseui:firebase-ui-auth:2.0.1] AndroidManifest.xml:44:13-37
	android:windowSoftInputMode
		ADDED from [com.firebaseui:firebase-ui-auth:2.0.1] AndroidManifest.xml:46:13-61
	android:name
		ADDED from [com.firebaseui:firebase-ui-auth:2.0.1] AndroidManifest.xml:43:13-83
activity#com.firebase.ui.auth.ui.accountlink.WelcomeBackIdpPrompt
ADDED from [com.firebaseui:firebase-ui-auth:2.0.1] AndroidManifest.xml:47:9-50:69
	android:label
		ADDED from [com.firebaseui:firebase-ui-auth:2.0.1] AndroidManifest.xml:50:13-66
	android:exported
		ADDED from [com.firebaseui:firebase-ui-auth:2.0.1] AndroidManifest.xml:49:13-37
	android:name
		ADDED from [com.firebaseui:firebase-ui-auth:2.0.1] AndroidManifest.xml:48:13-84
activity#com.firebase.ui.auth.ui.accountlink.WelcomeBackPasswordPrompt
ADDED from [com.firebaseui:firebase-ui-auth:2.0.1] AndroidManifest.xml:51:9-54:74
	android:label
		ADDED from [com.firebaseui:firebase-ui-auth:2.0.1] AndroidManifest.xml:54:13-71
	android:exported
		ADDED from [com.firebaseui:firebase-ui-auth:2.0.1] AndroidManifest.xml:53:13-37
	android:name
		ADDED from [com.firebaseui:firebase-ui-auth:2.0.1] AndroidManifest.xml:52:13-89
activity#com.firebase.ui.auth.ui.idp.AuthMethodPickerActivity
ADDED from [com.firebaseui:firebase-ui-auth:2.0.1] AndroidManifest.xml:55:9-58:61
	android:label
		ADDED from [com.firebaseui:firebase-ui-auth:2.0.1] AndroidManifest.xml:58:13-58
	android:exported
		ADDED from [com.firebaseui:firebase-ui-auth:2.0.1] AndroidManifest.xml:57:13-37
	android:name
		ADDED from [com.firebaseui:firebase-ui-auth:2.0.1] AndroidManifest.xml:56:13-80
activity#com.facebook.FacebookActivity
ADDED from [com.firebaseui:firebase-ui-auth:2.0.1] AndroidManifest.xml:59:9-63:48
	android:label
		ADDED from [com.firebaseui:firebase-ui-auth:2.0.1] AndroidManifest.xml:62:13-45
	tools:ignore
		ADDED from [com.firebaseui:firebase-ui-auth:2.0.1] AndroidManifest.xml:63:13-45
	android:configChanges
		ADDED from [com.firebaseui:firebase-ui-auth:2.0.1] AndroidManifest.xml:61:13-96
	android:name
		ADDED from [com.firebaseui:firebase-ui-auth:2.0.1] AndroidManifest.xml:60:13-57
activity#com.facebook.CustomTabActivity
ADDED from [com.firebaseui:firebase-ui-auth:2.0.1] AndroidManifest.xml:64:9-76:20
	android:exported
		ADDED from [com.firebaseui:firebase-ui-auth:2.0.1] AndroidManifest.xml:66:13-36
	tools:ignore
		ADDED from [com.firebaseui:firebase-ui-auth:2.0.1] AndroidManifest.xml:67:13-45
	android:name
		ADDED from [com.firebaseui:firebase-ui-auth:2.0.1] AndroidManifest.xml:65:13-58
intent-filter#android.intent.action.VIEW+android.intent.category.BROWSABLE+android.intent.category.DEFAULT
ADDED from [com.firebaseui:firebase-ui-auth:2.0.1] AndroidManifest.xml:68:13-75:29
action#android.intent.action.VIEW
ADDED from [com.firebaseui:firebase-ui-auth:2.0.1] AndroidManifest.xml:69:17-69
	android:name
		ADDED from [com.firebaseui:firebase-ui-auth:2.0.1] AndroidManifest.xml:69:25-66
category#android.intent.category.DEFAULT
ADDED from [com.firebaseui:firebase-ui-auth:2.0.1] AndroidManifest.xml:71:17-76
	android:name
		ADDED from [com.firebaseui:firebase-ui-auth:2.0.1] AndroidManifest.xml:71:27-73
category#android.intent.category.BROWSABLE
ADDED from [com.firebaseui:firebase-ui-auth:2.0.1] AndroidManifest.xml:72:17-78
	android:name
		ADDED from [com.firebaseui:firebase-ui-auth:2.0.1] AndroidManifest.xml:72:27-75
data
ADDED from [com.firebaseui:firebase-ui-auth:2.0.1] AndroidManifest.xml:74:17-81
	android:scheme
		ADDED from [com.firebaseui:firebase-ui-auth:2.0.1] AndroidManifest.xml:74:23-78
meta-data#android.support.VERSION
ADDED from [com.android.support:design:25.3.1] AndroidManifest.xml:25:5-27:34
MERGED from [com.android.support:recyclerview-v7:25.3.1] AndroidManifest.xml:22:5-24:34
MERGED from [com.android.support:transition:25.3.1] AndroidManifest.xml:22:5-24:34
MERGED from [com.android.support:customtabs:25.3.1] AndroidManifest.xml:22:5-24:34
MERGED from [com.android.support:cardview-v7:25.3.1] AndroidManifest.xml:22:5-24:34
MERGED from [com.android.support:appcompat-v7:25.3.1] AndroidManifest.xml:25:5-27:34
MERGED from [com.android.support:animated-vector-drawable:25.3.1] AndroidManifest.xml:22:5-24:34
MERGED from [com.android.support:support-vector-drawable:25.3.1] AndroidManifest.xml:22:5-24:34
MERGED from [com.android.support:support-v4:25.3.1] AndroidManifest.xml:25:5-27:34
MERGED from [com.android.support:support-fragment:25.3.1] AndroidManifest.xml:25:5-27:34